<?xml version="1.0" encoding="UTF-8"?>
<!-- Generated by org.testng.reporters.JUnitXMLReporter -->
<testsuite ignored="0" hostname="DESKTOP-7593HMT" failures="1" tests="2" name="Test" time="33.322" errors="0" timestamp="2026-02-07T16:37:34 IST">
  <testcase classname="testCases.TC001_AccountRegistrationTest" name="verify_account_registration" time="6.875">
    <failure type="java.lang.AssertionError" message="Account Registration failed expected [true] but found [false]">
      <![CDATA[java.lang.AssertionError: Account Registration failed expected [true] but found [false]
at testCases.TC001_AccountRegistrationTest.verify_account_registration(TC001_AccountRegistrationTest.java:43)
at java.base/java.util.ArrayList.forEach(ArrayList.java:1604)
... Removed 28 stack frames]]>
    </failure>
  </testcase> <!-- verify_account_registration -->
  <testcase classname="testCases.TC002_LoginTest" name="verify_login" time="2.646"/>
</testsuite> <!-- Test -->
